Running MPI max char finder on mole010

0: 125
1: 125
2: 125
3: 125
4: 125
5: 125
6: 125
7: 125
8: 125
9: 124
10: 125
11: 125
12: 125
13: 126
14: 125
15: 125
16: 125
17: 125
18: 125
19: 125
20: 125
21: 125
22: 125
23: 125
24: 125
25: 124
26: 125
27: 125
28: 125
29: 125
30: 125
31: 125
32: 125
33: 125
34: 125
35: 125
36: 125
37: 125
38: 125
39: 125
40: 125
41: 125
42: 125
43: 125
44: 125
45: 125
46: 125
47: 125
48: 125
49: 125
50: 125
51: 125
52: 122
53: 125
54: 125
55: 125
56: 125
57: 125
58: 125
59: 125
60: 125
61: 125
62: 125
63: 125
64: 125
65: 125
66: 125
67: 125
68: 125
69: 125
70: 124
71: 125
72: 125
73: 125
74: 125
75: 125
76: 125
77: 125
78: 125
79: 125
80: 125
81: 125
82: 125
83: 125
84: 125
85: 125
86: 125
87: 125
88: 125
89: 125
90: 125
91: 125
92: 125
93: 125
94: 125
95: 125
96: 125
97: 122
98: 125
99: 125

Total runtime: 224 microseconds
User CPU time used: 0 seconds, 0 microseconds
System CPU time used: 0 seconds, 218 microseconds
Virtual memory used: 405180 KB
Physical memory used: 22360 KB

Finished run on 16 mole010 cores
